#
# There is insufficient memory for the Java Runtime Environment to continue.
# Native memory allocation (malloc) failed to allocate 906816 bytes for Chunk::new
# Possible reasons:
#   The system is out of physical RAM or swap space
#   The process is running with CompressedOops enabled, and the Java Heap may be blocking the growth of the native heap
# Possible solutions:
#   Reduce memory load on the system
#   Increase physical memory or swap space
#   Check if swap backing store is full
#   Decrease Java heap size (-Xmx/-Xms)
#   Decrease number of Java threads
#   Decrease Java thread stack sizes (-Xss)
#   Set larger code cache with -XX:ReservedCodeCacheSize=
#   JVM is running with Zero Based Compressed Oops mode in which the Java heap is
#     placed in the first 32GB address space. The Java Heap base address is the
#     maximum limit for the native heap growth. Please use -XX:HeapBaseMinAddress
#     to set the Java Heap base and to place the Java Heap above 32GB virtual address.
# This output file may be truncated or incomplete.
#
#  Out of Memory Error (arena.cpp:184), pid=17248, tid=19996
#
# JRE version: Java(TM) SE Runtime Environment (19.0.1+10) (build 19.0.1+10-21)
# Java VM: Java HotSpot(TM) 64-Bit Server VM (19.0.1+10-21, mixed mode, sharing, tiered, compressed oops, compressed class ptrs, g1 gc, windows-amd64)
# No core dump will be written. Minidumps are not enabled by default on client versions of Windows
#

---------------  S U M M A R Y ------------

Command Line: -ea -javaagent:C:\Users\Olzhas\.m2\repository\org\aspectj\aspectjweaver\1.9.20\aspectjweaver-1.9.20.jar -Didea.test.cyclic.buffer.size=1048576 -javaagent:E:\Program Files\JetBrains\IntelliJ IDEA Community Edition 2022.3.1\lib\idea_rt.jar=64271:E:\Program Files\JetBrains\IntelliJ IDEA Community Edition 2022.3.1\bin -Dfile.encoding=UTF-8 -Dsun.stdout.encoding=UTF-8 -Dsun.stderr.encoding=UTF-8 com.intellij.rt.junit.JUnitStarter -ideVersion5 -junit5 test.demoqa_positive.DemoqaPositiveTest,demoqaPositiveTest

Host: Intel(R) Core(TM) i5-8265U CPU @ 1.60GHz, 8 cores, 11G,  Windows 10 , 64 bit Build 19041 (10.0.19041.3393)
Time: Tue Oct  3 18:38:47 2023 RTZ 4 (s 10 , 64 bit Build 19041 (10.0.19041.3393) elapsed time: 10.829535 seconds (0d 0h 0m 10s)

---------------  T H R E A D  ---------------

Current thread (0x00000287cb958f10):  JavaThread "C2 CompilerThread1" daemon [_thread_in_native, id=19996, stack(0x000000aabac00000,0x000000aabad00000)]


Current CompileTask:
C2:  10829 3812       4       org.aspectj.util.GenericSignatureParser::parseClassTypeSignature (291 bytes)

Stack: [0x000000aabac00000,0x000000aabad00000]
Native frames: (J=compiled Java code, j=interpreted, Vv=VM code, C=native code)
V  [jvm.dll+0x6ee8fa]
V  [jvm.dll+0x857a1e]
V  [jvm.dll+0x85940e]
V  [jvm.dll+0x859ac3]
V  [jvm.dll+0x28291f]
V  [jvm.dll+0xc9b5f]
V  [jvm.dll+0xc9ee5]
V  [jvm.dll+0x2f7c6f]
V  [jvm.dll+0x5f0c5b]
V  [jvm.dll+0x2551fc]
V  [jvm.dll+0x24e097]
V  [jvm.dll+0x24b563]
V  [jvm.dll+0x1d6d61]
V  [jvm.dll+0x25b0fa]
V  [jvm.dll+0x259588]
V  [jvm.dll+0x807928]
V  [jvm.dll+0x8015fa]
V  [jvm.dll+0x6ed5eb]
C  [ucrtbase.dll+0x21bb2]
C  [KERNEL32.DLL+0x17344]
C  [ntdll.dll+0x526b1]


---------------  P R O C E S S  ---------------

Threads class SMR info:
_java_thread_list=0x00000287cb845eb0, length=26, elements={
0x00000287a6818180, 0x00000287c75db670, 0x00000287c75dc460, 0x00000287c75e17f0,
0x00000287c75e5c10, 0x00000287c75e6540, 0x00000287c75e7a20, 0x00000287c75e95c0,
0x00000287c75effe0, 0x00000287c75fd080, 0x00000287cb8c9750, 0x00000287cb958f10,
0x00000287cc377f70, 0x00000287cc3784b0, 0x00000287cd386580, 0x00000287cd3944f0,
0x00000287cdf6b3f0, 0x00000287cdf71390, 0x00000287cdf6d3d0, 0x00000287cdf6be90,
0x00000287cdf71e30, 0x00000287cdf6de70, 0x00000287cdf6ce80, 0x00000287cdf6c3e0,
0x00000287cdf6e3c0, 0x00000287cdf6d920
}

Java Threads: ( => current thread )
  0x00000287a6818180 JavaThread "Forwarding newSession on session null to remote" [_thread_blocked, id=18760, stack(0x000000aab9b00000,0x000000aab9c00000)]
  0x00000287c75db670 JavaThread "Reference Handler" daemon [_thread_blocked, id=6188, stack(0x000000aaba200000,0x000000aaba300000)]
  0x00000287c75dc460 JavaThread "Finalizer" daemon [_thread_blocked, id=15364, stack(0x000000aaba300000,0x000000aaba400000)]
  0x00000287c75e17f0 JavaThread "Signal Dispatcher" daemon [_thread_blocked, id=5456, stack(0x000000aaba400000,0x000000aaba500000)]
  0x00000287c75e5c10 JavaThread "Attach Listener" daemon [_thread_blocked, id=11568, stack(0x000000aaba500000,0x000000aaba600000)]
  0x00000287c75e6540 JavaThread "Service Thread" daemon [_thread_blocked, id=3832, stack(0x000000aaba600000,0x000000aaba700000)]
  0x00000287c75e7a20 JavaThread "Monitor Deflation Thread" daemon [_thread_blocked, id=18180, stack(0x000000aaba700000,0x000000aaba800000)]
  0x00000287c75e95c0 JavaThread "C2 CompilerThread0" daemon [_thread_blocked, id=612, stack(0x000000aaba800000,0x000000aaba900000)]
  0x00000287c75effe0 JavaThread "C1 CompilerThread0" daemon [_thread_blocked, id=11784, stack(0x000000aaba900000,0x000000aabaa00000)]
  0x00000287c75fd080 JavaThread "Sweeper thread" daemon [_thread_blocked, id=17572, stack(0x000000aabaa00000,0x000000aabab00000)]
  0x00000287cb8c9750 JavaThread "Common-Cleaner" daemon [_thread_blocked, id=5392, stack(0x000000aabab00000,0x000000aabac00000)]
=>0x00000287cb958f10 JavaThread "C2 CompilerThread1" daemon [_thread_in_native, id=19996, stack(0x000000aabac00000,0x000000aabad00000)]
  0x00000287cc377f70 JavaThread "Monitor Ctrl-Break" daemon [_thread_in_native, id=15824, stack(0x000000aabb400000,0x000000aabb500000)]
  0x00000287cc3784b0 JavaThread "Notification Thread" daemon [_thread_blocked, id=4168, stack(0x000000aabb500000,0x000000aabb600000)]
  0x00000287cd386580 JavaThread "C2 CompilerThread2" daemon [_thread_blocked, id=18036, stack(0x000000aabb800000,0x000000aabb900000)]
  0x00000287cd3944f0 JavaThread "ForkJoinPool.commonPool-worker-1" daemon [_thread_blocked, id=17652, stack(0x000000aabb900000,0x000000aabba00000)]
  0x00000287cdf6b3f0 JavaThread "ForkJoinPool.commonPool-worker-2" daemon [_thread_blocked, id=12456, stack(0x000000aabba00000,0x000000aabbb00000)]
  0x00000287cdf71390 JavaThread "AsyncHttpClient-1-1" daemon [_thread_blocked, id=4840, stack(0x000000aabbb00000,0x000000aabbc00000)]
  0x00000287cdf6d3d0 JavaThread "Exec Default Executor" daemon [_thread_in_native, id=16492, stack(0x000000aabbc00000,0x000000aabbd00000)]
  0x00000287cdf6be90 JavaThread "Exec Stream Pumper" daemon [_thread_in_native, id=4488, stack(0x000000aabbd00000,0x000000aabbe00000)]
  0x00000287cdf71e30 JavaThread "Exec Stream Pumper" daemon [_thread_in_native, id=17880, stack(0x000000aabbe00000,0x000000aabbf00000)]
  0x00000287cdf6de70 JavaThread "Driver Service Executor" daemon [_thread_blocked, id=18164, stack(0x000000aabbf00000,0x000000aabc000000)]
  0x00000287cdf6ce80 JavaThread "Driver Service Executor" daemon [_thread_blocked, id=16964, stack(0x000000aabc000000,0x000000aabc100000)]
  0x00000287cdf6c3e0 JavaThread "UrlChecker-2" daemon [_thread_blocked, id=16260, stack(0x000000aabc100000,0x000000aabc200000)]
  0x00000287cdf6e3c0 JavaThread "Keep-Alive-Timer" daemon [_thread_blocked, id=2572, stack(0x000000aabc300000,0x000000aabc400000)]
  0x00000287cdf6d920 JavaThread "AsyncHttpClient-1-2" daemon [_thread_in_native, id=16308, stack(0x000000aabc400000,0x000000aabc500000)]

Other Threads:
  0x00000287c75c4160 VMThread "VM Thread" [stack: 0x000000aaba100000,0x000000aaba200000] [id=19028]
  0x00000287cbdce5e0 WatcherThread "VM Periodic Task Thread" [stack: 0x000000aabb600000,0x000000aabb700000] [id=8956]
  0x00000287a6874e10 WorkerThread "GC Thread#0" [stack: 0x000000aab9c00000,0x000000aab9d00000] [id=17640]
  0x00000287c75c3e90 WorkerThread "GC Thread#1" [stack: 0x000000aabad00000,0x000000aabae00000] [id=19132]
  0x00000287c75c2810 WorkerThread "GC Thread#2" [stack: 0x000000aabae00000,0x000000aabaf00000] [id=18716]
  0x00000287c75c2ae0 WorkerThread "GC Thread#3" [stack: 0x000000aabaf00000,0x000000aabb000000] [id=20016]
  0x00000287c75c3350 WorkerThread "GC Thread#4" [stack: 0x000000aabb000000,0x000000aabb100000] [id=18532]
  0x00000287c75c3620 WorkerThread "GC Thread#5" [stack: 0x000000aabb100000,0x000000aabb200000] [id=14792]
  0x00000287c75c38f0 WorkerThread "GC Thread#6" [stack: 0x000000aabb200000,0x000000aabb300000] [id=17796]
  0x00000287c75c3bc0 WorkerThread "GC Thread#7" [stack: 0x000000aabb300000,0x000000aabb400000] [id=17464]
  0x00000287a472cf70 ConcurrentGCThread "G1 Main Marker" [stack: 0x000000aab9d00000,0x000000aab9e00000] [id=15236]
  0x00000287a472df50 WorkerThread "G1 Conc#0" [stack: 0x000000aab9e00000,0x000000aab9f00000] [id=16740]
  0x00000287cc60cb80 WorkerThread "G1 Conc#1" [stack: 0x000000aabb700000,0x000000aabb800000] [id=16392]
  0x00000287c747d110 ConcurrentGCThread "G1 Refine#0" [stack: 0x000000aab9f00000,0x000000aaba000000] [id=13256]
  0x00000287c747dc50 ConcurrentGCThread "G1 Service" [stack: 0x000000aaba000000,0x000000aaba100000] [id=10628]

Threads with active compile tasks:
C2 CompilerThread1    10882 3812       4       org.aspectj.util.GenericSignatureParser::parseClassTypeSignature (291 bytes)

VM state: not at safepoint (normal execution)

VM Mutex/Monitor currently owned by a thread: None

Heap address: 0x0000000741c00000, size: 3044 MB, Compressed Oops mode: Zero based, Oop shift amount: 3

CDS archive(s) mapped at: [0x0000000800000000-0x0000000800c40000-0x0000000800c40000), size 12845056, SharedBaseAddress: 0x0000000800000000, ArchiveRelocationMode: 0.
Compressed class space mapped at: 0x0000000801000000-0x0000000841000000, reserved size: 1073741824
Narrow klass base: 0x0000000800000000, Narrow klass shift: 0, Narrow klass range: 0x100000000

GC Precious Log:
 CardTable entry size: 512
 Card Set container configuration: InlinePtr #cards 4 size 8 Array Of Cards #cards 16 size 48 Howl #buckets 8 coarsen threshold 3686 Howl Bitmap #cards 512 size 80 coarsen threshold 460 Card regions per heap region 1 cards per card region 4096
 CPUs: 8 total, 8 available
 Memory: 12168M
 Large Page Support: Disabled
 NUMA Support: Disabled
 Compressed Oops: Enabled (Zero based)
 Heap Region Size: 2M
 Heap Min Capacity: 8M
 Heap Initial Capacity: 192M
 Heap Max Capacity: 3044M
 Pre-touch: Disabled
 Parallel Workers: 8
 Concurrent Workers: 2
 Concurrent Refinement Workers: 8
 Periodic GC: Disabled

Heap:
 garbage-first heap   total 276480K, used 79269K [0x0000000741c00000, 0x0000000800000000)
  region size 2048K, 17 young (34816K), 3 survivors (6144K)
 Metaspace       used 32700K, committed 32960K, reserved 1114112K
  class space    used 3540K, committed 3648K, reserved 1048576K

Heap Regions: E=young(eden), S=young(survivor), O=old, HS=humongous(starts), HC=humongous(continues), CS=collection set, F=free, OA=open archive, CA=closed archive, TAMS=top-at-mark-start (previous, next)
|   0|0x0000000741c00000, 0x0000000741e00000, 0x0000000741e00000|100%| O|  |TAMS 0x0000000741e00000, 0x0000000741c00000| Untracked 
|   1|0x0000000741e00000, 0x0000000742000000, 0x0000000742000000|100%| O|  |TAMS 0x0000000742000000, 0x0000000741e00000| Untracked 
|   2|0x0000000742000000, 0x0000000742200000, 0x0000000742200000|100%| O|  |TAMS 0x0000000742200000, 0x0000000742000000| Untracked 
|   3|0x0000000742200000, 0x0000000742400000, 0x0000000742400000|100%| O|  |TAMS 0x0000000742400000, 0x0000000742200000| Untracked 
|   4|0x0000000742400000, 0x0000000742600000, 0x0000000742600000|100%| O|  |TAMS 0x0000000742600000, 0x0000000742400000| Untracked 
|   5|0x0000000742600000, 0x0000000742800000, 0x0000000742800000|100%| O|  |TAMS 0x0000000742800000, 0x0000000742600000| Untracked 
|   6|0x0000000742800000, 0x0000000742a00000, 0x0000000742a00000|100%| O|  |TAMS 0x0000000742a00000, 0x0000000742800000| Untracked 
|   7|0x0000000742a00000, 0x0000000742c00000, 0x0000000742c00000|100%| O|  |TAMS 0x0000000742c00000, 0x0000000742a00000| Untracked 
|   8|0x0000000742c00000, 0x0000000742e00000, 0x0000000742e00000|100%| O|  |TAMS 0x0000000742e00000, 0x0000000742c00000| Untracked 
|   9|0x0000000742e00000, 0x0000000743000000, 0x0000000743000000|100%| O|  |TAMS 0x0000000742ff9e00, 0x0000000742e00000| Untracked 
|  10|0x0000000743000000, 0x0000000743200000, 0x0000000743200000|100%| O|  |TAMS 0x0000000743000000, 0x0000000743000000| Untracked 
|  11|0x0000000743200000, 0x0000000743400000, 0x0000000743400000|100%| O|  |TAMS 0x0000000743200000, 0x0000000743200000| Untracked 
|  12|0x0000000743400000, 0x0000000743600000, 0x0000000743600000|100%| O|  |TAMS 0x0000000743400000, 0x0000000743400000| Untracked 
|  13|0x0000000743600000, 0x0000000743800000, 0x0000000743800000|100%| O|  |TAMS 0x0000000743600000, 0x0000000743600000| Untracked 
|  14|0x0000000743800000, 0x0000000743800000, 0x0000000743a00000|  0%| F|  |TAMS 0x0000000743800000, 0x0000000743800000| Untracked 
|  15|0x0000000743a00000, 0x0000000743c00000, 0x0000000743c00000|100%| O|  |TAMS 0x0000000743a00000, 0x0000000743a00000| Untracked 
|  16|0x0000000743c00000, 0x0000000743e00000, 0x0000000743e00000|100%| O|  |TAMS 0x0000000743c00000, 0x0000000743c00000| Untracked 
|  17|0x0000000743e00000, 0x0000000744000000, 0x0000000744000000|100%| O|  |TAMS 0x0000000743e00000, 0x0000000743e00000| Untracked 
|  18|0x0000000744000000, 0x0000000744200000, 0x0000000744200000|100%| O|  |TAMS 0x0000000744000000, 0x0000000744000000| Untracked 
|  19|0x0000000744200000, 0x0000000744400000, 0x0000000744400000|100%| O|  |TAMS 0x0000000744200000, 0x0000000744200000| Untracked 
|  20|0x0000000744400000, 0x0000000744600000, 0x0000000744600000|100%| O|  |TAMS 0x0000000744400000, 0x0000000744400000| Untracked 
|  21|0x0000000744600000, 0x0000000744800000, 0x0000000744800000|100%|HS|  |TAMS 0x0000000744600000, 0x0000000744600000| Complete 
|  22|0x0000000744800000, 0x0000000744a00000, 0x0000000744a00000|100%|HC|  |TAMS 0x0000000744800000, 0x0000000744800000| Complete 
|  23|0x0000000744a00000, 0x0000000744c00000, 0x0000000744c00000|100%|HC|  |TAMS 0x0000000744a00000, 0x0000000744a00000| Complete 
|  24|0x0000000744c00000, 0x0000000744c00000, 0x0000000744e00000|  0%| F|  |TAMS 0x0000000744c00000, 0x0000000744c00000| Untracked 
|  25|0x0000000744e00000, 0x0000000744e00000, 0x0000000745000000|  0%| F|  |TAMS 0x0000000744e00000, 0x0000000744e00000| Untracked 
|  26|0x0000000745000000, 0x0000000745034c00, 0x0000000745200000| 10%| O|  |TAMS 0x0000000745000000, 0x0000000745000000| Untracked 
|  27|0x0000000745200000, 0x0000000745200000, 0x0000000745400000|  0%| F|  |TAMS 0x0000000745200000, 0x0000000745200000| Untracked 
|  28|0x0000000745400000, 0x0000000745400000, 0x0000000745600000|  0%| F|  |TAMS 0x0000000745400000, 0x0000000745400000| Untracked 
|  29|0x0000000745600000, 0x0000000745600000, 0x0000000745800000|  0%| F|  |TAMS 0x0000000745600000, 0x0000000745600000| Untracked 
|  30|0x0000000745800000, 0x0000000745800000, 0x0000000745a00000|  0%| F|  |TAMS 0x0000000745800000, 0x0000000745800000| Untracked 
|  31|0x0000000745a00000, 0x0000000745a00000, 0x0000000745c00000|  0%| F|  |TAMS 0x0000000745a00000, 0x0000000745a00000| Untracked 
|  32|0x0000000745c00000, 0x0000000745c00000, 0x0000000745e00000|  0%| F|  |TAMS 0x0000000745c00000, 0x0000000745c00000| Untracked 
|  33|0x0000000745e00000, 0x0000000745e00000, 0x0000000746000000|  0%| F|  |TAMS 0x0000000745e00000, 0x0000000745e00000| Untracked 
|  34|0x0000000746000000, 0x0000000746000000, 0x0000000746200000|  0%| F|  |TAMS 0x0000000746000000, 0x0000000746000000| Untracked 
|  35|0x0000000746200000, 0x0000000746200000, 0x0000000746400000|  0%| F|  |TAMS 0x0000000746200000, 0x0000000746200000| Untracked 
|  36|0x0000000746400000, 0x00000007465349a0, 0x0000000746600000| 60%| S|CS|TAMS 0x0000000746400000, 0x0000000746400000| Complete 
|  37|0x0000000746600000, 0x0000000746800000, 0x0000000746800000|100%| S|CS|TAMS 0x0000000746600000, 0x0000000746600000| Complete 
|  38|0x0000000746800000, 0x0000000746a00000, 0x0000000746a00000|100%| S|CS|TAMS 0x0000000746800000, 0x0000000746800000| Complete 
|  39|0x0000000746a00000, 0x0000000746a00000, 0x0000000746c00000|  0%| F|  |TAMS 0x0000000746a00000, 0x0000000746a00000| Untracked 
|  40|0x0000000746c00000, 0x0000000746c00000, 0x0000000746e00000|  0%| F|  |TAMS 0x0000000746c00000, 0x0000000746c00000| Untracked 
|  41|0x0000000746e00000, 0x0000000746e00000, 0x0000000747000000|  0%| F|  |TAMS 0x0000000746e00000, 0x0000000746e00000| Untracked 
|  42|0x0000000747000000, 0x0000000747000000, 0x0000000747200000|  0%| F|  |TAMS 0x0000000747000000, 0x0000000747000000| Untracked 
|  43|0x0000000747200000, 0x0000000747200000, 0x0000000747400000|  0%| F|  |TAMS 0x0000000747200000, 0x0000000747200000| Untracked 
|  44|0x0000000747400000, 0x0000000747400000, 0x0000000747600000|  0%| F|  |TAMS 0x0000000747400000, 0x0000000747400000| Untracked 
|  45|0x0000000747600000, 0x0000000747600000, 0x0000000747800000|  0%| F|  |TAMS 0x0000000747600000, 0x0000000747600000| Untracked 
|  46|0x0000000747800000, 0x0000000747800000, 0x0000000747a00000|  0%| F|  |TAMS 0x0000000747800000, 0x0000000747800000| Untracked 
|  47|0x0000000747a00000, 0x0000000747a00000, 0x0000000747c00000|  0%| F|  |TAMS 0x0000000747a00000, 0x0000000747a00000| Untracked 
|  48|0x0000000747c00000, 0x0000000747c00000, 0x0000000747e00000|  0%| F|  |TAMS 0x0000000747c00000, 0x0000000747c00000| Untracked 
|  49|0x0000000747e00000, 0x0000000747e00000, 0x0000000748000000|  0%| F|  |TAMS 0x0000000747e00000, 0x0000000747e00000| Untracked 
|  50|0x0000000748000000, 0x0000000748000000, 0x0000000748200000|  0%| F|  |TAMS 0x0000000748000000, 0x0000000748000000| Untracked 
|  51|0x0000000748200000, 0x0000000748200000, 0x0000000748400000|  0%| F|  |TAMS 0x0000000748200000, 0x0000000748200000| Untracked 
|  52|0x0000000748400000, 0x0000000748400000, 0x0000000748600000|  0%| F|  |TAMS 0x0000000748400000, 0x0000000748400000| Untracked 
|  53|0x0000000748600000, 0x0000000748600000, 0x0000000748800000|  0%| F|  |TAMS 0x0000000748600000, 0x0000000748600000| Untracked 
|  54|0x0000000748800000, 0x0000000748800000, 0x0000000748a00000|  0%| F|  |TAMS 0x0000000748800000, 0x0000000748800000| Untracked 
|  55|0x0000000748a00000, 0x0000000748a00000, 0x0000000748c00000|  0%| F|  |TAMS 0x0000000748a00000, 0x0000000748a00000| Untracked 
|  56|0x0000000748c00000, 0x0000000748c00000, 0x0000000748e00000|  0%| F|  |TAMS 0x0000000748c00000, 0x0000000748c00000| Untracked 
|  57|0x0000000748e00000, 0x0000000748e00000, 0x0000000749000000|  0%| F|  |TAMS 0x0000000748e00000, 0x0000000748e00000| Untracked 
|  58|0x0000000749000000, 0x0000000749000000, 0x0000000749200000|  0%| F|  |TAMS 0x0000000749000000, 0x0000000749000000| Untracked 
|  59|0x0000000749200000, 0x0000000749200000, 0x0000000749400000|  0%| F|  |TAMS 0x0000000749200000, 0x0000000749200000| Untracked 
|  60|0x0000000749400000, 0x0000000749400000, 0x0000000749600000|  0%| F|  |TAMS 0x0000000749400000, 0x0000000749400000| Untracked 
|  61|0x0000000749600000, 0x0000000749600000, 0x0000000749800000|  0%| F|  |TAMS 0x0000000749600000, 0x0000000749600000| Untracked 
|  62|0x0000000749800000, 0x0000000749800000, 0x0000000749a00000|  0%| F|  |TAMS 0x0000000749800000, 0x0000000749800000| Untracked 
|  63|0x0000000749a00000, 0x0000000749a00000, 0x0000000749c00000|  0%| F|  |TAMS 0x0000000749a00000, 0x0000000749a00000| Untracked 
|  64|0x0000000749c00000, 0x0000000749c00000, 0x0000000749e00000|  0%| F|  |TAMS 0x0000000749c00000, 0x0000000749c00000| Untracked 
|  65|0x0000000749e00000, 0x0000000749e00000, 0x000000074a000000|  0%| F|  |TAMS 0x0000000749e00000, 0x0000000749e00000| Untracked 
|  66|0x000000074a000000, 0x000000074a000000, 0x000000074a200000|  0%| F|  |TAMS 0x000000074a000000, 0x000000074a000000| Untracked 
|  67|0x000000074a200000, 0x000000074a200000, 0x000000074a400000|  0%| F|  |TAMS 0x000000074a200000, 0x000000074a200000| Untracked 
|  68|0x000000074a400000, 0x000000074a400000, 0x000000074a600000|  0%| F|  |TAMS 0x000000074a400000, 0x000000074a400000| Untracked 
|  69|0x000000074a600000, 0x000000074a600000, 0x000000074a800000|  0%| F|  |TAMS 0x000000074a600000, 0x000000074a600000| Untracked 
|  70|0x000000074a800000, 0x000000074a800000, 0x000000074aa00000|  0%| F|  |TAMS 0x000000074a800000, 0x000000074a800000| Untracked 
|  71|0x000000074aa00000, 0x000000074aa00000, 0x000000074ac00000|  0%| F|  |TAMS 0x000000074aa00000, 0x000000074aa00000| Untracked 
|  72|0x000000074ac00000, 0x000000074ac00000, 0x000000074ae00000|  0%| F|  |TAMS 0x000000074ac00000, 0x000000074ac00000| Untracked 
|  73|0x000000074ae00000, 0x000000074ae00000, 0x000000074b000000|  0%| F|  |TAMS 0x000000074ae00000, 0x000000074ae00000| Untracked 
|  74|0x000000074b000000, 0x000000074b000000, 0x000000074b200000|  0%| F|  |TAMS 0x000000074b000000, 0x000000074b000000| Untracked 
|  75|0x000000074b200000, 0x000000074b200000, 0x000000074b400000|  0%| F|  |TAMS 0x000000074b200000, 0x000000074b200000| Untracked 
|  76|0x000000074b400000, 0x000000074b400000, 0x000000074b600000|  0%| F|  |TAMS 0x000000074b400000, 0x000000074b400000| Untracked 
|  77|0x000000074b600000, 0x000000074b600000, 0x000000074b800000|  0%| F|  |TAMS 0x000000074b600000, 0x000000074b600000| Untracked 
|  78|0x000000074b800000, 0x000000074b800000, 0x000000074ba00000|  0%| F|  |TAMS 0x000000074b800000, 0x000000074b800000| Untracked 
|  79|0x000000074ba00000, 0x000000074ba00000, 0x000000074bc00000|  0%| F|  |TAMS 0x000000074ba00000, 0x000000074ba00000| Untracked 
|  80|0x000000074bc00000, 0x000000074bc00000, 0x000000074be00000|  0%| F|  |TAMS 0x000000074bc00000, 0x000000074bc00000| Untracked 
|  81|0x000000074be00000, 0x000000074be00000, 0x000000074c000000|  0%| F|  |TAMS 0x000000074be00000, 0x000000074be00000| Untracked 
|  82|0x000000074c000000, 0x000000074c000000, 0x000000074c200000|  0%| F|  |TAMS 0x000000074c000000, 0x000000074c000000| Untracked 
|  83|0x000000074c200000, 0x000000074c200000, 0x000000074c400000|  0%| F|  |TAMS 0x000000074c200000, 0x000000074c200000| Untracked 
|  84|0x000000074c400000, 0x000000074c400000, 0x000000074c600000|  0%| F|  |TAMS 0x000000074c400000, 0x000000074c400000| Untracked 
|  85|0x000000074c600000, 0x000000074c600000, 0x000000074c800000|  0%| F|  |TAMS 0x000000074c600000, 0x000000074c600000| Untracked 
|  86|0x000000074c800000, 0x000000074c800000, 0x000000074ca00000|  0%| F|  |TAMS 0x000000074c800000, 0x000000074c800000| Untracked 
|  87|0x000000074ca00000, 0x000000074ca00000, 0x000000074cc00000|  0%| F|  |TAMS 0x000000074ca00000, 0x000000074ca00000| Untracked 
|  88|0x000000074cc00000, 0x000000074cc00000, 0x000000074ce00000|  0%| F|  |TAMS 0x000000074cc00000, 0x000000074cc00000| Untracked 
|  89|0x000000074ce00000, 0x000000074ce00000, 0x000000074d000000|  0%| F|  |TAMS 0x000000074ce00000, 0x000000074ce00000| Untracked 
|  90|0x000000074d000000, 0x000000074d000000, 0x000000074d200000|  0%| F|  |TAMS 0x000000074d000000, 0x000000074d000000| Untracked 
|  91|0x000000074d200000, 0x000000074d200000, 0x000000074d400000|  0%| F|  |TAMS 0x000000074d200000, 0x000000074d200000| Untracked 
|  92|0x000000074d400000, 0x000000074d400000, 0x000000074d600000|  0%| F|  |TAMS 0x000000074d400000, 0x000000074d400000| Untracked 
|  93|0x000000074d600000, 0x000000074d600000, 0x000000074d800000|  0%| F|  |TAMS 0x000000074d600000, 0x000000074d600000| Untracked 
|  94|0x000000074d800000, 0x000000074d800000, 0x000000074da00000|  0%| F|  |TAMS 0x000000074d800000, 0x000000074d800000| Untracked 
|  95|0x000000074da00000, 0x000000074da00000, 0x000000074dc00000|  0%| F|  |TAMS 0x000000074da00000, 0x000000074da00000| Untracked 
|  96|0x000000074dc00000, 0x000000074dc00000, 0x000000074de00000|  0%| F|  |TAMS 0x000000074dc00000, 0x000000074dc00000| Untracked 
|  97|0x000000074de00000, 0x000000074de00000, 0x000000074e000000|  0%| F|  |TAMS 0x000000074de00000, 0x000000074de00000| Untracked 
|  98|0x000000074e000000, 0x000000074e000000, 0x000000074e200000|  0%| F|  |TAMS 0x000000074e000000, 0x000000074e000000| Untracked 
|  99|0x000000074e200000, 0x000000074e200000, 0x000000074e400000|  0%| F|  |TAMS 0x000000074e200000, 0x000000074e200000| Untracked 
| 100|0x000000074e400000, 0x000000074e400000, 0x000000074e600000|  0%| F|  |TAMS 0x000000074e400000, 0x000000074e400000| Untracked 
| 101|0x000000074e600000, 0x000000074e600000, 0x000000074e800000|  0%| F|  |TAMS 0x000000074e600000, 0x000000074e600000| Untracked 
| 102|0x000000074e800000, 0x000000074e800000, 0x000000074ea00000|  0%| F|  |TAMS 0x000000074e800000, 0x000000074e800000| Untracked 
| 103|0x000000074ea00000, 0x000000074ea00000, 0x000000074ec00000|  0%| F|  |TAMS 0x000000074ea00000, 0x000000074ea00000| Untracked 
| 104|0x000000074ec00000, 0x000000074ec00000, 0x000000074ee00000|  0%| F|  |TAMS 0x000000074ec00000, 0x000000074ec00000| Untracked 
| 105|0x000000074ee00000, 0x000000074ee00000, 0x000000074f000000|  0%| F|  |TAMS 0x000000074ee00000, 0x000000074ee00000| Untracked 
| 106|0x000000074f000000, 0x000000074f000000, 0x000000074f200000|  0%| F|  |TAMS 0x000000074f000000, 0x000000074f000000| Untracked 
| 107|0x000000074f200000, 0x000000074f200000, 0x000000074f400000|  0%| F|  |TAMS 0x000000074f200000, 0x000000074f200000| Untracked 
| 108|0x000000074f400000, 0x000000074f400000, 0x000000074f600000|  0%| F|  |TAMS 0x000000074f400000, 0x000000074f400000| Untracked 
| 109|0x000000074f600000, 0x000000074f600000, 0x000000074f800000|  0%| F|  |TAMS 0x000000074f600000, 0x000000074f600000| Untracked 
| 110|0x000000074f800000, 0x000000074f800000, 0x000000074fa00000|  0%| F|  |TAMS 0x000000074f800000, 0x000000074f800000| Untracked 
| 111|0x000000074fa00000, 0x000000074fa00000, 0x000000074fc00000|  0%| F|  |TAMS 0x000000074fa00000, 0x000000074fa00000| Untracked 
| 112|0x000000074fc00000, 0x000000074fc00000, 0x000000074fe00000|  0%| F|  |TAMS 0x000000074fc00000, 0x000000074fc00000| Untracked 
| 113|0x000000074fe00000, 0x000000074fe00000, 0x0000000750000000|  0%| F|  |TAMS 0x000000074fe00000, 0x000000074fe00000| Untracked 
| 114|0x0000000750000000, 0x0000000750000000, 0x0000000750200000|  0%| F|  |TAMS 0x0000000750000000, 0x0000000750000000| Untracked 
| 115|0x0000000750200000, 0x0000000750200000, 0x0000000750400000|  0%| F|  |TAMS 0x0000000750200000, 0x0000000750200000| Untracked 
| 116|0x0000000750400000, 0x0000000750400000, 0x0000000750600000|  0%| F|  |TAMS 0x0000000750400000, 0x0000000750400000| Untracked 
| 117|0x0000000750600000, 0x0000000750600000, 0x0000000750800000|  0%| F|  |TAMS 0x0000000750600000, 0x0000000750600000| Untracked 
| 118|0x0000000750800000, 0x0000000750800000, 0x0000000750a00000|  0%| F|  |TAMS 0x0000000750800000, 0x0000000750800000| Untracked 
| 119|0x0000000750a00000, 0x0000000750a00000, 0x0000000750c00000|  0%| F|  |TAMS 0x0000000750a00000, 0x0000000750a00000| Untracked 
| 120|0x0000000750c00000, 0x0000000750c00000, 0x0000000750e00000|  0%| F|  |TAMS 0x0000000750c00000, 0x0000000750c00000| Untracked 
| 121|0x0000000750e00000, 0x0000000750e7be60, 0x0000000751000000| 24%| E|  |TAMS 0x0000000750e00000, 0x0000000750e00000| Complete 
| 122|0x0000000751000000, 0x0000000751200000, 0x0000000751200000|100%| E|CS|TAMS 0x0000000751000000, 0x0000000751000000| Complete 
| 123|0x0000000751200000, 0x0000000751400000, 0x0000000751400000|100%| E|CS|TAMS 0x0000000751200000, 0x0000000751200000| Complete 
| 124|0x0000000751400000, 0x0000000751600000, 0x0000000751600000|100%| E|CS|TAMS 0x0000000751400000, 0x0000000751400000| Complete 
| 125|0x0000000751600000, 0x0000000751800000, 0x0000000751800000|100%| E|CS|TAMS 0x0000000751600000, 0x0000000751600000| Complete 
| 126|0x0000000751800000, 0x0000000751a00000, 0x0000000751a00000|100%| E|CS|TAMS 0x0000000751800000, 0x0000000751800000| Complete 
| 127|0x0000000751a00000, 0x0000000751c00000, 0x0000000751c00000|100%| E|CS|TAMS 0x0000000751a00000, 0x0000000751a00000| Complete 
| 128|0x0000000751c00000, 0x0000000751e00000, 0x0000000751e00000|100%| E|CS|TAMS 0x0000000751c00000, 0x0000000751c00000| Complete 
| 129|0x0000000751e00000, 0x0000000752000000, 0x0000000752000000|100%| E|CS|TAMS 0x0000000751e00000, 0x0000000751e00000| Complete 
| 130|0x0000000752000000, 0x0000000752200000, 0x0000000752200000|100%| E|CS|TAMS 0x0000000752000000, 0x0000000752000000| Complete 
| 131|0x0000000752200000, 0x0000000752400000, 0x0000000752400000|100%| E|CS|TAMS 0x0000000752200000, 0x0000000752200000| Complete 
| 132|0x0000000752400000, 0x0000000752600000, 0x0000000752600000|100%| E|CS|TAMS 0x0000000752400000, 0x0000000752400000| Complete 
| 133|0x0000000752600000, 0x0000000752800000, 0x0000000752800000|100%| E|CS|TAMS 0x0000000752600000, 0x0000000752600000| Complete 
| 134|0x0000000752800000, 0x0000000752a00000, 0x0000000752a00000|100%| E|CS|TAMS 0x0000000752800000, 0x0000000752800000| Complete 

Card table byte_map: [0x00000287be0a0000,0x00000287be6a0000] _byte_map_base: 0x00000287ba692000

Marking Bits (Prev, Next): (CMBitMap*) 0x00000287a6875480, (CMBitMap*) 0x00000287a6875440
 Prev Bits: [0x00000287c1c30000, 0x00000287c4bc0000)
 Next Bits: [0x00000287beca0000, 0x00000287c1c30000)

Polling page: 0x00000287a4790000

Metaspace:

Usage:
  Non-class:     28.48 MB used.
      Class:      3.46 MB used.
       Both:     31.93 MB used.

Virtual space:
  Non-class space:       64.00 MB reserved,      28.62 MB ( 45%) committed,  1 nodes.
      Class space:        1.00 GB reserved,       3.56 MB ( <1%) committed,  1 nodes.
             Both:        1.06 GB reserved,      32.19 MB (  3%) committed. 

Chunk freelists:
   Non-Class:  3.11 MB
       Class:  464.00 KB
        Both:  3.56 MB

MaxMetaspaceSize: unlimited
CompressedClassSpaceSize: 1.00 GB
Initial GC threshold: 21.00 MB
Current GC threshold: 35.44 MB
CDS: on
MetaspaceReclaimPolicy: balanced
 - commit_granule_bytes: 65536.
 - commit_granule_words: 8192.
 - virtual_space_node_default_size: 8388608.
 - enlarge_chunks_in_place: 1.
 - new_chunks_are_fully_committed: 0.
 - uncommit_free_chunks: 1.
 - use_allocation_guard: 0.


Internal statistics:

num_allocs_failed_limit: 3.
num_arena_births: 244.
num_arena_deaths: 0.
num_vsnodes_births: 2.
num_vsnodes_deaths: 0.
num_space_committed: 515.
num_space_uncommitted: 0.
num_chunks_returned_to_freelist: 3.
num_chunks_taken_from_freelist: 1101.
num_chunk_merges: 0.
num_chunk_splits: 792.
num_chunks_enlarged: 665.
num_inconsistent_stats: 0.

CodeHeap 'non-profiled nmethods': size=120000Kb used=2741Kb max_used=2741Kb free=117258Kb
 bounds [0x00000287b6240000, 0x00000287b64f0000, 0x00000287bd770000]
CodeHeap 'profiled nmethods': size=120000Kb used=7039Kb max_used=7397Kb free=112960Kb
 bounds [0x00000287ae770000, 0x00000287aeeb0000, 0x00000287b5ca0000]
CodeHeap 'non-nmethods': size=5760Kb used=1381Kb max_used=1461Kb free=4378Kb
 bounds [0x00000287b5ca0000, 0x00000287b5f10000, 0x00000287b6240000]
 total_blobs=3843 nmethods=3225 adapters=527
 compilation: enabled
              stopped_count=0, restarted_count=0
 full_count=0

Compilation events (20 events):
Event: 10.736 Thread 0x00000287c75effe0 3825       3       sun.reflect.generics.parser.SignatureParser::parseFieldTypeSignature (73 bytes)
Event: 10.736 Thread 0x00000287c75effe0 nmethod 3825 0x00000287aec8c090 code [0x00000287aec8c2e0, 0x00000287aec8c7d8]
Event: 10.736 Thread 0x00000287c75effe0 3826       3       java.nio.ByteBuffer::limit (6 bytes)
Event: 10.736 Thread 0x00000287c75effe0 nmethod 3826 0x00000287aec8bc90 code [0x00000287aec8be40, 0x00000287aec8c008]
Event: 10.736 Thread 0x00000287c75effe0 3827   !   3       sun.reflect.generics.factory.CoreReflectionFactory::makeNamedType (21 bytes)
Event: 10.737 Thread 0x00000287c75effe0 nmethod 3827 0x00000287aec8b690 code [0x00000287aec8b860, 0x00000287aec8bae8]
Event: 10.737 Thread 0x00000287c75effe0 3828       3       sun.reflect.generics.tree.ClassTypeSignature::accept (8 bytes)
Event: 10.737 Thread 0x00000287c75effe0 nmethod 3828 0x00000287aec8b210 code [0x00000287aec8b3c0, 0x00000287aec8b548]
Event: 10.737 Thread 0x00000287c75effe0 3829       3       sun.reflect.generics.visitor.Reifier::visitClassTypeSignature (381 bytes)
Event: 10.739 Thread 0x00000287c75effe0 nmethod 3829 0x00000287aec88890 code [0x00000287aec88c80, 0x00000287aec8a828]
Event: 10.739 Thread 0x00000287c75effe0 3830       3       sun.reflect.generics.factory.CoreReflectionFactory::getDeclsLoader (85 bytes)
Event: 10.740 Thread 0x00000287c75effe0 nmethod 3830 0x00000287ae968c90 code [0x00000287ae968ee0, 0x00000287ae969af8]
Event: 10.747 Thread 0x00000287c75e95c0 3831       4       java.lang.String::regionMatches (150 bytes)
Event: 10.748 Thread 0x00000287cd386580 3832       4       java.util.regex.Pattern::compile (537 bytes)
Event: 10.757 Thread 0x00000287c75e95c0 nmethod 3831 0x00000287b64e5710 code [0x00000287b64e58c0, 0x00000287b64e5d58]
Event: 10.757 Thread 0x00000287c75e95c0 3833       4       java.lang.ref.SoftReference::get (29 bytes)
Event: 10.758 Thread 0x00000287c75e95c0 nmethod 3833 0x00000287b64e6110 code [0x00000287b64e62a0, 0x00000287b64e6398]
Event: 10.760 Thread 0x00000287c75e95c0 3834       4       org.aspectj.util.PartialOrder::sort (173 bytes)
Event: 10.792 Thread 0x00000287c75e95c0 nmethod 3834 0x00000287b64e6410 code [0x00000287b64e6640, 0x00000287b64e7120]
Event: 10.796 Thread 0x00000287c75e95c0 3835       4       org.aspectj.weaver.patterns.ExactAnnotationTypePattern::matches (782 bytes)

GC Heap History (16 events):
Event: 1.173 GC heap before
{Heap before GC invocations=0 (full 0):
 garbage-first heap   total 196608K, used 22528K [0x0000000741c00000, 0x0000000800000000)
  region size 2048K, 11 young (22528K), 0 survivors (0K)
 Metaspace       used 6738K, committed 6912K, reserved 1114112K
  class space    used 579K, committed 640K, reserved 1048576K
}
Event: 1.183 GC heap after
{Heap after GC invocations=1 (full 0):
 garbage-first heap   total 196608K, used 4996K [0x0000000741c00000, 0x0000000800000000)
  region size 2048K, 2 young (4096K), 2 survivors (4096K)
 Metaspace       used 6738K, committed 6912K, reserved 1114112K
  class space    used 579K, committed 640K, reserved 1048576K
}
Event: 1.997 GC heap before
{Heap before GC invocations=1 (full 0):
 garbage-first heap   total 196608K, used 33668K [0x0000000741c00000, 0x0000000800000000)
  region size 2048K, 17 young (34816K), 2 survivors (4096K)
 Metaspace       used 9496K, committed 9664K, reserved 1114112K
  class space    used 788K, committed 896K, reserved 1048576K
}
Event: 2.013 GC heap after
{Heap after GC invocations=2 (full 0):
 garbage-first heap   total 196608K, used 12967K [0x0000000741c00000, 0x0000000800000000)
  region size 2048K, 3 young (6144K), 3 survivors (6144K)
 Metaspace       used 9496K, committed 9664K, reserved 1114112K
  class space    used 788K, committed 896K, reserved 1048576K
}
Event: 3.057 GC heap before
{Heap before GC invocations=2 (full 0):
 garbage-first heap   total 196608K, used 64167K [0x0000000741c00000, 0x0000000800000000)
  region size 2048K, 28 young (57344K), 3 survivors (6144K)
 Metaspace       used 12907K, committed 13056K, reserved 1114112K
  class space    used 1071K, committed 1152K, reserved 1048576K
}
Event: 3.080 GC heap after
{Heap after GC invocations=3 (full 0):
 garbage-first heap   total 196608K, used 20632K [0x0000000741c00000, 0x0000000800000000)
  region size 2048K, 4 young (8192K), 4 survivors (8192K)
 Metaspace       used 12907K, committed 13056K, reserved 1114112K
  class space    used 1071K, committed 1152K, reserved 1048576K
}
Event: 5.141 GC heap before
{Heap before GC invocations=3 (full 0):
 garbage-first heap   total 196608K, used 94360K [0x0000000741c00000, 0x0000000800000000)
  region size 2048K, 40 young (81920K), 4 survivors (8192K)
 Metaspace       used 17128K, committed 17280K, reserved 1114112K
  class space    used 1610K, committed 1664K, reserved 1048576K
}
Event: 5.163 GC heap after
{Heap after GC invocations=4 (full 0):
 garbage-first heap   total 196608K, used 28993K [0x0000000741c00000, 0x0000000800000000)
  region size 2048K, 5 young (10240K), 5 survivors (10240K)
 Metaspace       used 17128K, committed 17280K, reserved 1114112K
  class space    used 1610K, committed 1664K, reserved 1048576K
}
Event: 7.399 GC heap before
{Heap before GC invocations=4 (full 0):
 garbage-first heap   total 196608K, used 65857K [0x0000000741c00000, 0x0000000800000000)
  region size 2048K, 24 young (49152K), 5 survivors (10240K)
 Metaspace       used 21329K, committed 21504K, reserved 1114112K
  class space    used 2169K, committed 2240K, reserved 1048576K
}
Event: 7.414 GC heap after
{Heap after GC invocations=5 (full 0):
 garbage-first heap   total 196608K, used 33112K [0x0000000741c00000, 0x0000000800000000)
  region size 2048K, 2 young (4096K), 2 survivors (4096K)
 Metaspace       used 21329K, committed 21504K, reserved 1114112K
  class space    used 2169K, committed 2240K, reserved 1048576K
}
Event: 9.512 GC heap before
{Heap before GC invocations=6 (full 0):
 garbage-first heap   total 131072K, used 106840K [0x0000000741c00000, 0x0000000800000000)
  region size 2048K, 38 young (77824K), 2 survivors (4096K)
 Metaspace       used 27941K, committed 28224K, reserved 1114112K
  class space    used 2936K, committed 3072K, reserved 1048576K
}
Event: 9.532 GC heap after
{Heap after GC invocations=7 (full 0):
 garbage-first heap   total 131072K, used 41302K [0x0000000741c00000, 0x0000000800000000)
  region size 2048K, 5 young (10240K), 5 survivors (10240K)
 Metaspace       used 27941K, committed 28224K, reserved 1114112K
  class space    used 2936K, committed 3072K, reserved 1048576K
}
Event: 9.547 GC heap before
{Heap before GC invocations=7 (full 0):
 garbage-first heap   total 131072K, used 43350K [0x0000000741c00000, 0x0000000800000000)
  region size 2048K, 6 young (12288K), 5 survivors (10240K)
 Metaspace       used 28030K, committed 28288K, reserved 1114112K
  class space    used 2941K, committed 3072K, reserved 1048576K
}
Event: 9.563 GC heap after
{Heap after GC invocations=8 (full 0):
 garbage-first heap   total 131072K, used 42935K [0x0000000741c00000, 0x0000000800000000)
  region size 2048K, 1 young (2048K), 1 survivors (2048K)
 Metaspace       used 28030K, committed 28288K, reserved 1114112K
  class space    used 2941K, committed 3072K, reserved 1048576K
}
Event: 10.443 GC heap before
{Heap before GC invocations=8 (full 0):
 garbage-first heap   total 131072K, used 92087K [0x0000000741c00000, 0x0000000800000000)
  region size 2048K, 25 young (51200K), 1 survivors (2048K)
 Metaspace       used 31051K, committed 31296K, reserved 1114112K
  class space    used 3319K, committed 3456K, reserved 1048576K
}
Event: 10.452 GC heap after
{Heap after GC invocations=9 (full 0):
 garbage-first heap   total 276480K, used 46501K [0x0000000741c00000, 0x0000000800000000)
  region size 2048K, 3 young (6144K), 3 survivors (6144K)
 Metaspace       used 31051K, committed 31296K, reserved 1114112K
  class space    used 3319K, committed 3456K, reserved 1048576K
}

Dll operation events (14 events):
Event: 0.015 Loaded shared library C:\Program Files\Java\jdk-19\bin\java.dll
Event: 0.033 Loaded shared library C:\Program Files\Java\jdk-19\bin\jsvml.dll
Event: 0.275 Loaded shared library C:\Program Files\Java\jdk-19\bin\zip.dll
Event: 0.282 Loaded shared library C:\Program Files\Java\jdk-19\bin\instrument.dll
Event: 0.291 Loaded shared library C:\Program Files\Java\jdk-19\bin\net.dll
Event: 0.295 Loaded shared library C:\Program Files\Java\jdk-19\bin\nio.dll
Event: 0.307 Loaded shared library C:\Program Files\Java\jdk-19\bin\zip.dll
Event: 0.506 Loaded shared library C:\Program Files\Java\jdk-19\bin\jimage.dll
Event: 1.271 Loaded shared library E:\Program Files\JetBrains\IntelliJ IDEA Community Edition 2022.3.1\bin\breakgen64.dll
Event: 1.305 Loaded shared library C:\Program Files\Java\jdk-19\bin\extnet.dll
Event: 5.634 Loaded shared library C:\Program Files\Java\jdk-19\bin\management.dll
Event: 5.641 Loaded shared library C:\Program Files\Java\jdk-19\bin\management_ext.dll
Event: 5.756 Loaded shared library C:\Program Files\Java\jdk-19\bin\verify.dll
Event: 8.713 Loaded shared library C:\Program Files\Java\jdk-19\bin\sunmscapi.dll

Deoptimization events (20 events):
Event: 10.743 Thread 0x00000287cdf6d920 Uncommon trap: trap_request=0xffffffde fr.pc=0x00000287b62ff74c relative=0x000000000000154c
Event: 10.743 Thread 0x00000287cdf6d920 Uncommon trap: reason=class_check action=maybe_recompile pc=0x00000287b62ff74c method=org.aspectj.weaver.ReferenceType.isAssignableFrom(Lorg/aspectj/weaver/ResolvedType;Z)Z @ 479 c2
Event: 10.743 Thread 0x00000287cdf6d920 DEOPT PACKING pc=0x00000287b62ff74c sp=0x000000aabc4fbb50
Event: 10.743 Thread 0x00000287cdf6d920 DEOPT UNPACKING pc=0x00000287b5d06da3 sp=0x000000aabc4fbac8 mode 2
Event: 10.780 Thread 0x00000287cdf6d920 Uncommon trap: trap_request=0xffffffde fr.pc=0x00000287b63f6364 relative=0x0000000000000704
Event: 10.780 Thread 0x00000287cdf6d920 Uncommon trap: reason=class_check action=maybe_recompile pc=0x00000287b63f6364 method=org.aspectj.weaver.bcel.BcelMethod.hasAnnotation(Lorg/aspectj/weaver/UnresolvedType;)Z @ 30 c2
Event: 10.780 Thread 0x00000287cdf6d920 DEOPT PACKING pc=0x00000287b63f6364 sp=0x000000aabc4f6c50
Event: 10.780 Thread 0x00000287cdf6d920 DEOPT UNPACKING pc=0x00000287b5d06da3 sp=0x000000aabc4f6b20 mode 2
Event: 10.780 Thread 0x00000287cdf6d920 Uncommon trap: trap_request=0xffffffde fr.pc=0x00000287b63f6364 relative=0x0000000000000704
Event: 10.780 Thread 0x00000287cdf6d920 Uncommon trap: reason=class_check action=maybe_recompile pc=0x00000287b63f6364 method=org.aspectj.weaver.bcel.BcelMethod.hasAnnotation(Lorg/aspectj/weaver/UnresolvedType;)Z @ 30 c2
Event: 10.780 Thread 0x00000287cdf6d920 DEOPT PACKING pc=0x00000287b63f6364 sp=0x000000aabc4f6c50
Event: 10.780 Thread 0x00000287cdf6d920 DEOPT UNPACKING pc=0x00000287b5d06da3 sp=0x000000aabc4f6b20 mode 2
Event: 10.780 Thread 0x00000287cdf6d920 Uncommon trap: trap_request=0xffffffde fr.pc=0x00000287b63f6364 relative=0x0000000000000704
Event: 10.780 Thread 0x00000287cdf6d920 Uncommon trap: reason=class_check action=maybe_recompile pc=0x00000287b63f6364 method=org.aspectj.weaver.bcel.BcelMethod.hasAnnotation(Lorg/aspectj/weaver/UnresolvedType;)Z @ 30 c2
Event: 10.780 Thread 0x00000287cdf6d920 DEOPT PACKING pc=0x00000287b63f6364 sp=0x000000aabc4f6c50
Event: 10.780 Thread 0x00000287cdf6d920 DEOPT UNPACKING pc=0x00000287b5d06da3 sp=0x000000aabc4f6b20 mode 2
Event: 10.780 Thread 0x00000287cdf6d920 Uncommon trap: trap_request=0xffffffde fr.pc=0x00000287b63f6364 relative=0x0000000000000704
Event: 10.780 Thread 0x00000287cdf6d920 Uncommon trap: reason=class_check action=maybe_recompile pc=0x00000287b63f6364 method=org.aspectj.weaver.bcel.BcelMethod.hasAnnotation(Lorg/aspectj/weaver/UnresolvedType;)Z @ 30 c2
Event: 10.780 Thread 0x00000287cdf6d920 DEOPT PACKING pc=0x00000287b63f6364 sp=0x000000aabc4f6c50
Event: 10.780 Thread 0x00000287cdf6d920 DEOPT UNPACKING pc=0x00000287b5d06da3 sp=0x000000aabc4f6b20 mode 2

Classes loaded (20 events):
Event: 10.622 Loading class sun/nio/ch/SocketChannelImpl$DefaultOptionsHolder
Event: 10.622 Loading class sun/nio/ch/SocketChannelImpl$DefaultOptionsHolder done
Event: 10.635 Loading class sun/nio/ch/SelectionKeyImpl
Event: 10.635 Loading class java/nio/channels/spi/AbstractSelectionKey
Event: 10.635 Loading class java/nio/channels/spi/AbstractSelectionKey done
Event: 10.635 Loading class sun/nio/ch/SelectionKeyImpl done
Event: 10.635 Loading class java/lang/invoke/ConstantBootstraps
Event: 10.635 Loading class java/lang/invoke/ConstantBootstraps done
Event: 10.663 Loading class java/lang/CharacterDataUndefined
Event: 10.663 Loading class java/lang/CharacterDataUndefined done
Event: 10.742 Loading class java/nio/channels/UnsupportedAddressTypeException
Event: 10.742 Loading class java/nio/channels/UnsupportedAddressTypeException done
Event: 10.750 Loading class java/nio/channels/spi/AbstractSelector$1
Event: 10.750 Loading class java/nio/channels/spi/AbstractSelector$1 done
Event: 10.769 Loading class java/io/PushbackInputStream
Event: 10.769 Loading class java/io/PushbackInputStream done
Event: 10.819 Loading class java/nio/charset/IllegalCharsetNameException
Event: 10.819 Loading class java/nio/charset/IllegalCharsetNameException done
Event: 10.820 Loading class java/nio/charset/UnsupportedCharsetException
Event: 10.820 Loading class java/nio/charset/UnsupportedCharsetException done

Classes unloaded (0 events):
No events

Classes redefined (0 events):
No events

Internal exceptions (20 events):
Event: 6.587 Thread 0x00000287cd3944f0 Exception <a 'java/lang/NoSuchMethodError'{0x000000074b736bf8}: 'java.lang.Object java.lang.invoke.DirectMethodHandle$Holder.newInvokeSpecial(java.lang.Object, long)'> (0x000000074b736bf8) 
thrown [s\open\src\hotspot\share\interpreter\linkResolver.cpp, line 774]
Event: 6.603 Thread 0x00000287cd3944f0 Exception <a 'java/lang/NoSuchMethodError'{0x000000074b740a80}: 'java.lang.Object java.lang.invoke.DirectMethodHandle$Holder.invokeStatic(java.lang.Object, long, java.lang.Object)'> (0x000000074b740a80) 
thrown [s\open\src\hotspot\share\interpreter\linkResolver.cpp, line 774]
Event: 6.604 Thread 0x00000287cd3944f0 Exception <a 'java/lang/NoSuchMethodError'{0x000000074b744200}: 'java.lang.Object java.lang.invoke.DirectMethodHandle$Holder.invokeStaticInit(java.lang.Object, long, java.lang.Object)'> (0x000000074b744200) 
thrown [s\open\src\hotspot\share\interpreter\linkResolver.cpp, line 774]
Event: 7.436 Thread 0x00000287a6818180 Exception <a 'java/lang/NoSuchMethodError'{0x000000074dac2c08}: 'double java.lang.invoke.DirectMethodHandle$Holder.invokeVirtual(java.lang.Object, java.lang.Object)'> (0x000000074dac2c08) 
thrown [s\open\src\hotspot\share\interpreter\linkResolver.cpp, line 774]
Event: 7.439 Thread 0x00000287a6818180 Exception <a 'java/lang/NoSuchMethodError'{0x000000074dac99f8}: 'float java.lang.invoke.DirectMethodHandle$Holder.invokeVirtual(java.lang.Object, java.lang.Object)'> (0x000000074dac99f8) 
thrown [s\open\src\hotspot\share\interpreter\linkResolver.cpp, line 774]
Event: 7.441 Thread 0x00000287a6818180 Exception <a 'java/lang/NoSuchMethodError'{0x000000074dad2fc8}: 'long java.lang.invoke.DirectMethodHandle$Holder.invokeVirtual(java.lang.Object, java.lang.Object)'> (0x000000074dad2fc8) 
thrown [s\open\src\hotspot\share\interpreter\linkResolver.cpp, line 774]
Event: 7.888 Thread 0x00000287a6818180 Exception <a 'java/lang/NoClassDefFoundError'{0x0000000747ebd608}> (0x0000000747ebd608) 
thrown [s\open\src\hotspot\share\oops\instanceKlass.cpp, line 1168]
Event: 7.903 Thread 0x00000287a6818180 Exception <a 'java/lang/NoClassDefFoundError'{0x0000000747ef1df0}: org/apache/logging/log4j/spi/ExtendedLoggerWrapper> (0x0000000747ef1df0) 
thrown [s\open\src\hotspot\share\classfile\systemDictionary.cpp, line 244]
Event: 7.909 Thread 0x00000287a6818180 Exception <a 'java/lang/NoClassDefFoundError'{0x0000000747f1f600}: org/apache/log4j/Priority> (0x0000000747f1f600) 
thrown [s\open\src\hotspot\share\classfile\systemDictionary.cpp, line 244]
Event: 8.866 Thread 0x00000287a6818180 Exception <a 'sun/nio/fs/WindowsException'{0x00000007462d32e8}> (0x00000007462d32e8) 
thrown [s\open\src\hotspot\share\prims\jni.cpp, line 517]
Event: 9.799 Thread 0x00000287a6818180 Exception <a 'java/lang/IncompatibleClassChangeError'{0x00000007486c5b00}: Found class java.lang.Object, but interface was expected> (0x00000007486c5b00) 
thrown [s\open\src\hotspot\share\interpreter\linkResolver.cpp, line 841]
Event: 9.936 Thread 0x00000287cdf6c3e0 Exception <a 'java/net/ConnectException'{0x00000007484bd988}: Connection refused: no further information> (0x00000007484bd988) 
thrown [s\open\src\hotspot\share\prims\jni.cpp, line 536]
Event: 9.955 Thread 0x00000287cdf6c3e0 Exception <a 'java/net/ConnectException'{0x00000007484bf420}: Connection refused: no further information> (0x00000007484bf420) 
thrown [s\open\src\hotspot\share\prims\jni.cpp, line 536]
Event: 10.002 Thread 0x00000287cdf6c3e0 Exception <a 'java/net/ConnectException'{0x00000007484c03c0}: Connection refused: no further information> (0x00000007484c03c0) 
thrown [s\open\src\hotspot\share\prims\jni.cpp, line 536]
Event: 10.118 Thread 0x00000287a6818180 Exception <a 'java/lang/NoSuchMethodError'{0x00000007481799f8}: 'java.lang.Object java.lang.invoke.DirectMethodHandle$Holder.newInvokeSpecial(java.lang.Object, java.lang.Object, int, int)'> (0x00000007481799f8) 
thrown [s\open\src\hotspot\share\interpreter\linkResolver.cpp, line 774]
Event: 10.120 Thread 0x00000287a6818180 Exception <a 'java/lang/NoSuchMethodError'{0x0000000748184c10}: 'void java.lang.invoke.DirectMethodHandle$Holder.invokeStatic(java.lang.Object, java.lang.Object, int)'> (0x0000000748184c10) 
thrown [s\open\src\hotspot\share\interpreter\linkResolver.cpp, line 774]
Event: 10.256 Thread 0x00000287a6818180 Exception <a 'java/lang/NoSuchMethodError'{0x00000007476591b8}: 'int java.lang.invoke.DirectMethodHandle$Holder.invokeSpecialIFC(java.lang.Object, java.lang.Object, java.lang.Object)'> (0x00000007476591b8) 
thrown [s\open\src\hotspot\share\interpreter\linkResolver.cpp, line 774]
Event: 10.452 Thread 0x00000287a6818180 Implicit null exception at 0x00000287b63af56b to 0x00000287b63b0d90
Event: 10.509 Thread 0x00000287a6818180 Exception <a 'java/lang/NoSuchMethodError'{0x00000007524bfbb8}: 'long java.lang.invoke.DirectMethodHandle$Holder.invokeInterface(java.lang.Object, java.lang.Object)'> (0x00000007524bfbb8) 
thrown [s\open\src\hotspot\share\interpreter\linkResolver.cpp, line 774]
Event: 10.510 Thread 0x00000287a6818180 Exception <a 'java/lang/NoSuchMethodError'{0x00000007524c5318}: 'long java.lang.invoke.DelegatingMethodHandle$Holder.reinvoke_L(java.lang.Object, java.lang.Object)'> (0x00000007524c5318) 
thrown [s\open\src\hotspot\share\interpreter\linkResolver.cpp, line 774]

VM Operations (20 events):
Event: 8.748 Executing VM operation: Cleanup
Event: 8.748 Executing VM operation: Cleanup done
Event: 9.511 Executing VM operation: G1CollectForAllocation
Event: 9.532 Executing VM operation: G1CollectForAllocation done
Event: 9.540 Executing VM operation: HandshakeAllThreads
Event: 9.540 Executing VM operation: HandshakeAllThreads done
Event: 9.547 Executing VM operation: G1CollectForAllocation
Event: 9.563 Executing VM operation: G1CollectForAllocation done
Event: 10.048 Executing VM operation: HandshakeAllThreads
Event: 10.048 Executing VM operation: HandshakeAllThreads done
Event: 10.048 Executing VM operation: HandshakeAllThreads
Event: 10.049 Executing VM operation: HandshakeAllThreads done
Event: 10.050 Executing VM operation: HandshakeAllThreads
Event: 10.050 Executing VM operation: HandshakeAllThreads done
Event: 10.442 Executing VM operation: ICBufferFull
Event: 10.442 Executing VM operation: ICBufferFull done
Event: 10.443 Executing VM operation: G1CollectForAllocation
Event: 10.452 Executing VM operation: G1CollectForAllocation done
Event: 10.780 Executing VM operation: HandshakeAllThreads
Event: 10.780 Executing VM operation: HandshakeAllThreads done

Events (20 events):
Event: 6.613 Thread 0x00000287ce9cdf80 Thread added: 0x00000287ce9cdf80
Event: 7.386 Thread 0x00000287ce9cdf80 Thread exited: 0x00000287ce9cdf80
Event: 7.386 Thread 0x00000287ce9cba50 Thread exited: 0x00000287ce9cba50
Event: 7.388 Thread 0x00000287cd3944f0 Thread exited: 0x00000287cd3944f0
Event: 7.394 Thread 0x00000287cc379d90 Thread exited: 0x00000287cc379d90
Event: 7.576 Thread 0x00000287cd386580 Thread added: 0x00000287cd386580
Event: 7.727 Thread 0x00000287cd3944f0 Thread added: 0x00000287cd3944f0
Event: 7.727 Thread 0x00000287cdf6b3f0 Thread added: 0x00000287cdf6b3f0
Event: 8.302 Thread 0x00000287cdf71390 Thread added: 0x00000287cdf71390
Event: 9.812 Thread 0x00000287cdf6d3d0 Thread added: 0x00000287cdf6d3d0
Event: 9.826 Thread 0x00000287cdf6be90 Thread added: 0x00000287cdf6be90
Event: 9.826 Thread 0x00000287cdf71e30 Thread added: 0x00000287cdf71e30
Event: 9.884 Thread 0x00000287cdf6de70 Thread added: 0x00000287cdf6de70
Event: 9.886 Thread 0x00000287cdf6ce80 Thread added: 0x00000287cdf6ce80
Event: 9.896 Thread 0x00000287cdf6c3e0 Thread added: 0x00000287cdf6c3e0
Event: 10.050 Thread 0x00000287cdf6e3c0 Thread added: 0x00000287cdf6e3c0
Event: 10.634 Thread 0x00000287cdf6d920 Thread added: 0x00000287cdf6d920
Event: 10.781 Thread 0x00000287c75fd080 flushing nmethod 0x00000287b6349c10
Event: 10.781 Thread 0x00000287c75fd080 flushing nmethod 0x00000287b63e0c90
Event: 10.784 Thread 0x00000287c75fd080 flushing nmethod 0x00000287ae9da910


Dynamic libraries:
0x00007ff6ce7a0000 - 0x00007ff6ce7b0000 	C:\Program Files\Java\jdk-19\bin\java.exe
0x00007ffb1a570000 - 0x00007ffb1a768000 	C:\Windows\SYSTEM32\ntdll.dll
0x00007ffb19790000 - 0x00007ffb1984d000 	C:\Windows\System32\KERNEL32.DLL
0x00007ffb17ca0000 - 0x00007ffb17f96000 	C:\Windows\System32\KERNELBASE.dll
0x00007ffb18120000 - 0x00007ffb18220000 	C:\Windows\System32\ucrtbase.dll
0x00007ffb14c20000 - 0x00007ffb14c38000 	C:\Program Files\Java\jdk-19\bin\jli.dll
0x00007ffb12ce0000 - 0x00007ffb12cfb000 	C:\Program Files\Java\jdk-19\bin\VCRUNTIME140.dll
0x00007ffb18950000 - 0x00007ffb189fe000 	C:\Windows\System32\ADVAPI32.dll
0x00007ffb19970000 - 0x00007ffb19a0e000 	C:\Windows\System32\msvcrt.dll
0x00007ffb1a430000 - 0x00007ffb1a4cc000 	C:\Windows\System32\sechost.dll
0x00007ffb1a290000 - 0x00007ffb1a3b6000 	C:\Windows\System32\RPCRT4.dll
0x00007ffb18bb0000 - 0x00007ffb18d4e000 	C:\Windows\System32\USER32.dll
0x00007ffb180f0000 - 0x00007ffb18112000 	C:\Windows\System32\win32u.dll
0x00007ffb00220000 - 0x00007ffb004ba000 	C:\Windows\WinSxS\amd64_microsoft.windows.common-controls_6595b64144ccf1df_6.0.19041.1110_none_60b5254171f9507e\COMCTL32.dll
0x00007ffb18d50000 - 0x00007ffb18d7c000 	C:\Windows\System32\GDI32.dll
0x00007ffb18420000 - 0x00007ffb1853a000 	C:\Windows\System32\gdi32full.dll
0x00007ffb18220000 - 0x00007ffb182bd000 	C:\Windows\System32\msvcp_win.dll
0x00007ffb10300000 - 0x00007ffb1030a000 	C:\Windows\SYSTEM32\VERSION.dll
0x00007ffb18e60000 - 0x00007ffb18e90000 	C:\Windows\System32\IMM32.DLL
0x00007ffb14bf0000 - 0x00007ffb14bfc000 	C:\Program Files\Java\jdk-19\bin\vcruntime140_1.dll
0x00007ffafc850000 - 0x00007ffafc8de000 	C:\Program Files\Java\jdk-19\bin\msvcp140.dll
0x00007ffad5380000 - 0x00007ffad6040000 	C:\Program Files\Java\jdk-19\bin\server\jvm.dll
0x00007ffafffd0000 - 0x00007ffaffff7000 	C:\Windows\SYSTEM32\WINMM.dll
0x00007ffafa120000 - 0x00007ffafa129000 	C:\Windows\SYSTEM32\WSOCK32.dll
0x00007ffb19850000 - 0x00007ffb198bb000 	C:\Windows\System32\WS2_32.dll
0x00007ffb16430000 - 0x00007ffb16442000 	C:\Windows\SYSTEM32\kernel.appcore.dll
0x00007ffb12f60000 - 0x00007ffb12f6a000 	C:\Program Files\Java\jdk-19\bin\jimage.dll
0x00007ffb159a0000 - 0x00007ffb15b84000 	C:\Windows\SYSTEM32\DBGHELP.DLL
0x00007ffafb2a0000 - 0x00007ffafb2d4000 	C:\Windows\SYSTEM32\dbgcore.DLL
0x00007ffb18540000 - 0x00007ffb185c2000 	C:\Windows\System32\bcryptPrimitives.dll
0x00007ffb12bf0000 - 0x00007ffb12bfe000 	C:\Program Files\Java\jdk-19\bin\instrument.dll
0x00007ffb12cb0000 - 0x00007ffb12cd6000 	C:\Program Files\Java\jdk-19\bin\java.dll
0x00007ffaf0490000 - 0x00007ffaf0567000 	C:\Program Files\Java\jdk-19\bin\jsvml.dll
0x00007ffb19040000 - 0x00007ffb19785000 	C:\Windows\System32\SHELL32.dll
0x00007ffb15c80000 - 0x00007ffb1641b000 	C:\Windows\SYSTEM32\windows.storage.dll
0x00007ffb185d0000 - 0x00007ffb18924000 	C:\Windows\System32\combase.dll
0x00007ffb175c0000 - 0x00007ffb175ee000 	C:\Windows\SYSTEM32\Wldp.dll
0x00007ffb198c0000 - 0x00007ffb1996d000 	C:\Windows\System32\SHCORE.dll
0x00007ffb19c60000 - 0x00007ffb19cb5000 	C:\Windows\System32\shlwapi.dll
0x00007ffb17b80000 - 0x00007ffb17ba5000 	C:\Windows\SYSTEM32\profapi.dll
0x00007ffb12c30000 - 0x00007ffb12c48000 	C:\Program Files\Java\jdk-19\bin\zip.dll
0x00007ffb12c70000 - 0x00007ffb12c83000 	C:\Program Files\Java\jdk-19\bin\net.dll
0x00007ffb0f3e0000 - 0x00007ffb0f4ea000 	C:\Windows\SYSTEM32\WINHTTP.dll
0x00007ffb17320000 - 0x00007ffb1738a000 	C:\Windows\system32\mswsock.dll
0x00007ffb12c50000 - 0x00007ffb12c66000 	C:\Program Files\Java\jdk-19\bin\nio.dll
0x00007ffb10440000 - 0x00007ffb1045a000 	E:\Program Files\JetBrains\IntelliJ IDEA Community Edition 2022.3.1\bin\breakgen64.dll
0x00007ffb11ad0000 - 0x00007ffb11ad8000 	C:\Program Files\Java\jdk-19\bin\extnet.dll
0x00007ffb17520000 - 0x00007ffb17538000 	C:\Windows\SYSTEM32\CRYPTSP.dll
0x00007ffb16bf0000 - 0x00007ffb16c24000 	C:\Windows\system32\rsaenh.dll
0x00007ffb17fa0000 - 0x00007ffb17fc7000 	C:\Windows\System32\bcrypt.dll
0x00007ffb17b40000 - 0x00007ffb17b6e000 	C:\Windows\SYSTEM32\USERENV.dll
0x00007ffb17510000 - 0x00007ffb1751c000 	C:\Windows\SYSTEM32\CRYPTBASE.dll
0x00007ffb16ff0000 - 0x00007ffb1702b000 	C:\Windows\SYSTEM32\IPHLPAPI.DLL
0x00007ffb1a3c0000 - 0x00007ffb1a3c8000 	C:\Windows\System32\NSI.dll
0x00007ffb0e770000 - 0x00007ffb0e787000 	C:\Windows\SYSTEM32\dhcpcsvc6.DLL
0x00007ffb0e750000 - 0x00007ffb0e76d000 	C:\Windows\SYSTEM32\dhcpcsvc.DLL
0x00007ffb17050000 - 0x00007ffb1711a000 	C:\Windows\SYSTEM32\DNSAPI.dll
0x00007ffaf1cc0000 - 0x00007ffaf1cd7000 	C:\Windows\system32\napinsp.dll
0x00007ffaf1ca0000 - 0x00007ffaf1cbb000 	C:\Windows\system32\pnrpnsp.dll
0x00007ffb11ef0000 - 0x00007ffb11f05000 	C:\Windows\system32\wshbth.dll
0x00007ffb12f70000 - 0x00007ffb12f8d000 	C:\Windows\system32\NLAapi.dll
0x00007ffaf1c80000 - 0x00007ffaf1c92000 	C:\Windows\System32\winrnr.dll
0x00007ffb0ddd0000 - 0x00007ffb0ddda000 	C:\Windows\System32\rasadhlp.dll
0x00007ffb04dd0000 - 0x00007ffb04e52000 	C:\Windows\System32\fwpuclnt.dll
0x00007ffb12c20000 - 0x00007ffb12c2a000 	C:\Program Files\Java\jdk-19\bin\management.dll
0x00007ffb12c10000 - 0x00007ffb12c1b000 	C:\Program Files\Java\jdk-19\bin\management_ext.dll
0x00007ffb18f20000 - 0x00007ffb18f28000 	C:\Windows\System32\PSAPI.DLL
0x00007ffb12c00000 - 0x00007ffb12c10000 	C:\Program Files\Java\jdk-19\bin\verify.dll
0x00007ffb14e00000 - 0x00007ffb14e91000 	C:\Windows\system32\apphelp.dll
0x00007ffb11a00000 - 0x00007ffb11a0e000 	C:\Program Files\Java\jdk-19\bin\sunmscapi.dll
0x00007ffb182c0000 - 0x00007ffb1841e000 	C:\Windows\System32\CRYPT32.dll
0x00007ffb17630000 - 0x00007ffb17658000 	C:\Windows\SYSTEM32\ncrypt.dll
0x00007ffb175f0000 - 0x00007ffb1762b000 	C:\Windows\SYSTEM32\NTASN1.dll
0x00007ffb11a60000 - 0x00007ffb11a67000 	C:\Windows\system32\wshunix.dll

dbghelp: loaded successfully - version: 4.0.5 - missing functions: none
symbol engine: initialized successfully - sym options: 0x614 - pdb path: .;C:\Program Files\Java\jdk-19\bin;C:\Windows\SYSTEM32;C:\Windows\WinSxS\amd64_microsoft.windows.common-controls_6595b64144ccf1df_6.0.19041.1110_none_60b5254171f9507e;C:\Program Files\Java\jdk-19\bin\server;E:\Program Files\JetBrains\IntelliJ IDEA Community Edition 2022.3.1\bin

VM Arguments:
jvm_args: -ea -javaagent:C:\Users\Olzhas\.m2\repository\org\aspectj\aspectjweaver\1.9.20\aspectjweaver-1.9.20.jar -Didea.test.cyclic.buffer.size=1048576 -javaagent:E:\Program Files\JetBrains\IntelliJ IDEA Community Edition 2022.3.1\lib\idea_rt.jar=64271:E:\Program Files\JetBrains\IntelliJ IDEA Community Edition 2022.3.1\bin -Dfile.encoding=UTF-8 -Dsun.stdout.encoding=UTF-8 -Dsun.stderr.encoding=UTF-8 
java_command: com.intellij.rt.junit.JUnitStarter -ideVersion5 -junit5 test.demoqa_positive.DemoqaPositiveTest,demoqaPositiveTest
java_class_path (initial): E:\Program Files\JetBrains\IntelliJ IDEA Community Edition 2022.3.1\lib\idea_rt.jar;E:\Program Files\JetBrains\IntelliJ IDEA Community Edition 2022.3.1\plugins\junit\lib\junit5-rt.jar;E:\Program Files\JetBrains\IntelliJ IDEA Community Edition 2022.3.1\plugins\junit\lib\junit-rt.jar;F:\UserOlzh\Desktop\projects\java-test-task\target\test-classes;F:\UserOlzh\Desktop\projects\java-test-task\target\classes;C:\Users\Olzhas\.m2\repository\com\codeborne\selenide\6.18.0\selenide-6.18.0.jar;C:\Users\Olzhas\.m2\repository\org\seleniumhq\selenium\selenium-java\4.12.1\selenium-java-4.12.1.jar;C:\Users\Olzhas\.m2\repository\org\seleniumhq\selenium\selenium-api\4.12.1\selenium-api-4.12.1.jar;C:\Users\Olzhas\.m2\repository\org\seleniumhq\selenium\selenium-chrome-driver\4.12.1\selenium-chrome-driver-4.12.1.jar;C:\Users\Olzhas\.m2\repository\com\google\auto\service\auto-service-annotations\1.1.1\auto-service-annotations-1.1.1.jar;C:\Users\Olzhas\.m2\repository\org\seleniumhq\selenium\selenium-chromium-driver\4.12.1\selenium-chromium-driver-4.12.1.jar;C:\Users\Olzhas\.m2\repository\org\seleniumhq\selenium\selenium-json\4.12.1\selenium-json-4.12.1.jar;C:\Users\Olzhas\.m2\repository\org\seleniumhq\selenium\selenium-manager\4.12.1\selenium-manager-4.12.1.jar;C:\Users\Olzhas\.m2\repository\org\seleniumhq\selenium\selenium-devtools-v114\4.12.1\selenium-devtools-v114-4.12.1.jar;C:\Users\Olzhas\.m2\repository\org\seleniumhq\selenium\selenium-devtools-v115\4.12.1\selenium-devtools-v115-4.12.1.jar;C:\Users\Olzhas\.m2\repository\org\seleniumhq\selenium\selenium-devtools-v116\4.12.1\selenium-devtools-v116-4.12.1.jar;C:\Users\Olzhas\.m2\repository\org\seleniumhq\selenium\selenium-devtools-v85\4.12.1\selenium-devtools-v85-4.12.1.jar;C:\Users\Olzhas\.m2\repository\org\seleniumhq\selenium\selenium-edge-driver\4.12.1\selenium-edge-driver-4.12.1.jar;C:\Users\Olzhas\.m2\repository\org\seleniumhq\selenium\selenium-firefox-driver\4.12.1\selenium-firefox-driver-4.12.1.jar;C:\Users\Olzhas\.m2\repository\org\seleniumhq\selenium\selenium-http\4.12.1\selenium-http-4.12.1.jar;C:\Users\Olzhas\.m2\repository\dev\failsafe\failsafe\3.3.2\failsafe-3.3.2.jar;C:\Users\Olzhas\.m2\repository\org\seleniumhq\selenium\selenium-ie-driver\4.12.1\selenium-ie-driver-4.12.1.jar;C:\Users\Olzhas\.m2\repository\org\seleniumhq\selenium\selenium-remote-driver\4.12.1\selenium-remote-driver-4.12.1.jar;C:\Users\Olzhas\.m2\repository\io\netty\netty-buffer\4.1.96.Final\netty-buffer-4.1.96.Final.jar;C:\Users\Olzhas\.m2\repository\io\netty\netty-codec-http\4.1.96.Final\netty-codec-http-4.1.96.Final.jar;C:\Users\Olzhas\.m2\repository\io\netty\netty-codec\4.1.96.Final\netty-codec-4.1.96.Final.jar;C:\Users\Olzhas\.m2\repository\io\netty\netty-handler\4.1.96.Final\netty-handler-4.1.96.Final.jar;C:\Users\Olzhas\.m2\repository\io\netty\netty-common\4.1.96.Final\netty-common-4.1.96.Final.jar;C:\Users\Olzhas\.m2\repository\io\netty\netty-transport-classes-epoll\4.1.96.Final\netty-transport-classes-epoll-4.1.96.Final.jar;C:\Users\Olzhas\.m2\repository\io\netty\netty-transport-classes-kqueue\4.1.96.Final\netty-transport-classes-kqueue-4.1.96.Final.jar;C:\Users\Olzhas\.m2\repository\io\netty\netty-transport-native-epoll\4.1.96.Final\netty-transport-native-epoll-4.1.96.Final.jar;C:\Users\Olzhas\.m2\repository\io\netty\netty-transport-native-kqueue\4.1.96.Final\netty-transport-native-kqueue-4.1.96.Final.jar;C:\Users\Olzhas\.m2\repository\io\netty\netty-transport-native-unix-common\4.1.96.Final\netty-transport-native-unix-common-4.1.96.Final.jar;C:\Users\Olzhas\.m2\repository\io\netty\netty-transport\4.1.96.Final\netty-transport-4.1.96.Final.jar;C:\Users\Olzhas\.m2\repository\io\netty\netty-resolver\4.1.96.Final\netty-resolver-4.1.96.Final.jar;C:\Users\Olzhas\.m2\repository\io\opentelemetry\opentelemetry-api\1.28.0\opentelemetry-api-1.28.0.jar;C:\Users\Olzhas\.m2\repository\io\opentelemetry\opentelemetry-context\1.28.0\opentelemetry-context-1.28.0.jar;C:\Users\Olzhas\.m2\repository\io\opentelemetry\opentelemetry-exporter-logging\1.28.0\opentelemetry-exporter-logging-1.28.0.jar;C:\Users\Olzhas\.m2\repository\io\opentelemetry\opentelemetry-sdk-metrics\1.28.0\opentelemetry-sdk-metrics-1.28.0.jar;C:\Users\Olzhas\.m2\repository\io\opentelemetry\opentelemetry-extension-incubator\1.28.0-alpha\opentelemetry-extension-incubator-1.28.0-alpha.jar;C:\Users\Olzhas\.m2\repository\io\opentelemetry\opentelemetry-sdk-logs\1.28.0\opentelemetry-sdk-logs-1.28.0.jar;C:\Users\Olzhas\.m2\repository\io\opentelemetry\opentelemetry-sdk-common\1.28.0\opentelemetry-sdk-common-1.28.0.jar;C:\Users\Olzhas\.m2\repository\io\opentelemetry\opentelemetry-sdk-extension-autoconfigure-spi\1.28.0\opentelemetry-sdk-extension-autoconfigure-spi-1.28.0.jar;C:\Users\Olzhas\.m2\repository\io\opentelemetry\opentelemetry-sdk-extension-autoconfigure\1.28.0\opentelemetry-sdk-extension-autoconfigure-1.28.0.jar;C:\Users\Olzhas\.m2\repository\io\opentelemetry\opentelemetry-api-events\1.28.0-alpha\opentelemetry-api-events-1.28.0-alpha.jar;C:\Users\Olzhas\.m2\repository\io\opentelemetry\opentelemetry-sdk-trace\1.28.0\opentelemetry-sdk-trace-1.28.0.jar;C:\Users\Olzhas\.m2\repository\io\opentelemetry\opentelemetry-sdk\1.28.0\opentelemetry-sdk-1.28.0.jar;C:\Users\Olzhas\.m2\repository\io\opentelemetry\opentelemetry-semconv\1.28.0-alpha\opentelemetry-semconv-1.28.0-alpha.jar;C:\Users\Olzhas\.m2\repository\net\bytebuddy\byte-buddy\1.14.5\byte-buddy-1.14.5.jar;C:\Users\Olzhas\.m2\repository\org\asynchttpclient\async-http-client\2.12.3\async-http-client-2.12.3.jar;C:\Users\Olzhas\.m2\repository\org\asynchttpclient\async-http-client-netty-utils\2.12.3\async-http-client-netty-utils-2.12.3.jar;C:\Users\Olzhas\.m2\repository\io\netty\netty-codec-socks\4.1.60.Final\netty-codec-socks-4.1.60.Final.jar;C:\Users\Olzhas\.m2\repository\io\netty\netty-handler-proxy\4.1.60.Final\netty-handler-proxy-4.1.60.Final.jar;C:\Users\Olzhas\.m2\repository\io\netty\netty-transport-native-epoll\4.1.60.Final\netty-transport-native-epoll-4.1.60.Final-linux-x86_64.jar;C:\Users\Olzhas\.m2\repository\io\netty\netty-transport-native-kqueue\4.1.60.Final\netty-transport-native-kqueue-4.1.60.Final-osx-x86_64.jar;C:\Users\Olzhas\.m2\repository\org\reactivestreams\reactive-streams\1.0.3\reactive-streams-1.0.3.jar;C:\Users\Olzhas\.m2\repository\com\typesafe\netty\netty-reactive-streams\2.0.4\netty-reactive-streams-2.0.4.jar;C:\Users\Olzhas\.m2\repository\com\sun\activation\jakarta.activation\1.2.2\jakarta.activation-1.2.2.jar;C:\Users\Olzhas\.m2\repository\org\seleniumhq\selenium\selenium-os\4.12.1\selenium-os-4.12.1.jar;C:\Users\Olzhas\.m2\repository\org\apache\commons\commons-exec\1.3\commons-exec-1.3.jar;C:\Users\Olzhas\.m2\repository\org\seleniumhq\selenium\selenium-safari-driver\4.12.1\selenium-safari-driver-4.12.1.jar;C:\Users\Olzhas\.m2\repository\org\seleniumhq\selenium\selenium-support\4.12.1\selenium-support-4.12.1.jar;C:\Users\Olzhas\.m2\repository\org\slf4j\slf4j-api\2.0.9\slf4j-api-2.0.9.jar;C:\Users\Olzhas\.m2\repository\com\codeborne\selenide-core\6.18.0\selenide-core-6.18.0.jar;C:\Users\Olzhas\.m2\repository\org\apache\httpcomponents\client5\httpclient5\5.2.1\httpclient5-5.2.1.jar;C:\Users\Olzhas\.m2\repository\org\apache\httpcomponents\core5\httpcore5\5.2\httpcore5-5.2.jar;C:\Users\Olzhas\.m2\repository\org\apache\httpcomponents\core5\httpcore5-h2\5.2\httpcore5-h2-5.2.jar;C:\Users\Olzhas\.m2\repository\com\google\guava\guava\32.1.2-jre\guava-32.1.2-jre.jar;C:\Users\Olzhas\.m2\repository\com\google\guava\failureaccess\1.0.1\failureaccess-1.0.1.jar;C:\Users\Olzhas\.m2\repository\com\google\guava\listenablefuture\9999.0-empty-to-avoid-conflict-with-guava\listenablefuture-9999.0-empty-to-avoid-conflict-with-guava.jar;C:\Users\Olzhas\.m2\repository\com\google\code\findbugs\jsr305\3.0.2\jsr305-3.0.2.jar;C:\Users\Olzhas\.m2\repository\org\checkerframework\checker-qual\3.33.0\checker-qual-3.33.0.jar;C:\Users\Olzhas\.m2\repository\com\google\errorprone\error_prone_annotations\2.18.0\error_prone_annotations-2.18.0.jar;C:\Users\Olzhas\.m2\repository\com\google\j2objc\j2objc-annotations\2.8\j2objc-annotations-2.8.jar;C:\Users\Olzhas\.m2\repository\org\apache\commons\commons-lang3\3.13.0\commons-lang3-3.13.0.jar;C:\Users\Olzhas\.m2\repository\commons-io\commons-io\2.13.0\commons-io-2.13.0.jar;C:\Users\Olzhas\.m2\repository\io\qameta\allure\allure-junit5\2.21.0\allure-junit5-2.21.0.jar;C:\Users\Olzhas\.m2\repository\io\qameta\allure\allure-junit-platform\2.21.0\allure-junit-platform-2.21.0.jar;C:\Users\Olzhas\.m2\repository\io\qameta\allure\allure-java-commons\2.21.0\allure-java-commons-2.21.0.jar;C:\Users\Olzhas\.m2\repository\io\qameta\allure\allure-model\2.21.0\allure-model-2.21.0.jar;C:\Users\Olzhas\.m2\repository\io\qameta\allure\allure-test-filter\2.21.0\allure-test-filter-2.21.0.jar;C:\Users\Olzhas\.m2\repository\org\junit\platform\junit-platform-launcher\1.8.2\junit-platform-launcher-1.8.2.jar;C:\Users\Olzhas\.m2\repository\org\junit\jupiter\junit-jupiter-engine\5.9.2\junit-jupiter-engine-5.9.2.jar;C:\Users\Olzhas\.m2\repository\org\junit\platform\junit-platform-engine\1.9.2\junit-platform-engine-1.9.2.jar;C:\Users\Olzhas\.m2\repository\org\apiguardian\apiguardian-api\1.1.2\apiguardian-api-1.1.2.jar;C:\Users\Olzhas\.m2\repository\org\junit\jupiter\junit-jupiter-api\5.9.2\junit-jupiter-api-5.9.2.jar;C:\Users\Olzhas\.m2\repository\org\opentest4j\opentest4j\1.2.0\opentest4j-1.2.0.jar;C:\Users\Olzhas\.m2\repository\org\junit\platform\junit-platform-commons\1.9.2\junit-platform-commons-1.9.2.jar;C:\Users\Olzhas\.m2\repository\org\junit\jupiter\junit-jupiter-params\5.9.2\junit-jupiter-params-5.9.2.jar;C:\Users\Olzhas\.m2\repository\org\junit\platform\junit-platform-suite\1.9.2\junit-platform-suite-1.9.2.jar;C:\Users\Olzhas\.m2\repository\org\junit\platform\junit-platform-suite-api\1.9.2\junit-platform-suite-api-1.9.2.jar;C:\Users\Olzhas\.m2\repository\org\junit\platform\junit-platform-suite-engine\1.9.2\junit-platform-suite-engine-1.9.2.jar;C:\Users\Olzhas\.m2\repository\org\junit\platform\junit-platform-suite-commons\1.9.2\junit-platform-suite-commons-1.9.2.jar;C:\Users\Olzhas\.m2\repository\org\junit\platform\junit-platform-surefire-provider\1.3.2\junit-platform-surefire-provider-1.3.2.jar;C:\Users\Olzhas\.m2\repository\org\apache\maven\surefire\surefire-api\2.22.0\surefire-api-2.22.0.jar;C:\Users\Olzhas\.m2\repository\org\apache\maven\surefire\surefire-logger-api\2.22.0\surefire-logger-api-2.22.0.jar;C:\Users\Olzhas\.m2\repository\org\apache\maven\surefire\common-java5\2.22.0\common-java5-2.22.0.jar;src\test\java
Launcher Type: SUN_STANDARD

[Global flags]
     intx CICompilerCount                          = 4                                         {product} {ergonomic}
     uint ConcGCThreads                            = 2                                         {product} {ergonomic}
     uint G1ConcRefinementThreads                  = 8                                         {product} {ergonomic}
   size_t G1HeapRegionSize                         = 2097152                                   {product} {ergonomic}
    uintx GCDrainStackTargetSize                   = 64                                        {product} {ergonomic}
   size_t InitialHeapSize                          = 201326592                                 {product} {ergonomic}
   size_t MarkStackSize                            = 4194304                                   {product} {ergonomic}
   size_t MaxHeapSize                              = 3191865344                                {product} {ergonomic}
   size_t MaxNewSize                               = 1914699776                                {product} {ergonomic}
   size_t MinHeapDeltaBytes                        = 2097152                                   {product} {ergonomic}
   size_t MinHeapSize                              = 8388608                                   {product} {ergonomic}
    uintx NonNMethodCodeHeapSize                   = 5839372                                {pd product} {ergonomic}
    uintx NonProfiledCodeHeapSize                  = 122909434                              {pd product} {ergonomic}
    uintx ProfiledCodeHeapSize                     = 122909434                              {pd product} {ergonomic}
    uintx ReservedCodeCacheSize                    = 251658240                              {pd product} {ergonomic}
     bool SegmentedCodeCache                       = true                                      {product} {ergonomic}
   size_t SoftMaxHeapSize                          = 3191865344                             {manageable} {ergonomic}
     bool UseCompressedClassPointers               = true                           {product lp64_product} {ergonomic}
     bool UseCompressedOops                        = true                           {product lp64_product} {ergonomic}
     bool UseG1GC                                  = true                                      {product} {ergonomic}
     bool UseLargePagesIndividualAllocation        = false                                  {pd product} {ergonomic}

Logging:
Log output configuration:
 #0: stdout all=warning uptime,level,tags foldmultilines=false
 #1: stderr all=off uptime,level,tags foldmultilines=false

Environment Variables:
PATH=C:\Program Files\PostgreSQL\15\bin\;C:\Program Files\Java\jdk-19\bin;C:\Program Files\Common Files\Oracle\Java\javapath;C:\Program Files (x86)\Common Files\Oracle\Java\javapath;C:\Windows\system32;C:\Windows;C:\Windows\System32\Wbem;C:\Windows\System32\WindowsPowerShell\v1.0\;C:\Windows\System32\OpenSSH\;C:\Program Files\dotnet\;C:\Program Files\Git\cmd;C:\Program Files\Microsoft SQL Server\150\Tools\Binn\;C:\Program Files\Microsoft SQL Server\Client SDK\ODBC\170\Tools\Binn\;C:\Users\Olzhas\AppData\Roaming\nvm;C:\Program Files\nodejs;C:\Program Files\NVIDIA Corporation\NVIDIA NvDLISR;C:\php;C:\composer;F:\Program Files\nodejs\;C:\Users\Olzhas\.pyenv\pyenv-win\bin;C:\Users\Olzhas\.pyenv\pyenv-win\shims;C:\Users\Olzhas\AppData\Roaming\pypoetry\venv\Scripts;C:\Program Files\PostgreSQL\15\bin\;C:\Users\Olzhas\AppData\Local\Programs\Python\Python310\Scripts\;C:\Users\Olzhas\AppData\Local\Programs\Python\Python310\;C:\Ruby31-x64\bin;C:\Users\Olzhas\.cargo\bin;C:\Users\Olzhas\AppData\Local\Microsoft\WindowsApps;C:\Users\Olzhas\AppData\Local\Programs\Microsoft VS Code\bin;C:\Users\Olzhas\.dotnet\tools;E:\Program Files\JetBrains\PyCharm 2022.3.1\bin;E:\Program Files\JetBrains\IntelliJ IDEA Community Edition 2022.3.1\bin;C:\Users\Olzhas\AppData\Roaming\nvm;C:\Users\Olzhas\AppData\Roaming\nvm\v10.24.1;C:\Users\Olzhas\AppData\Roaming\nvm;C:\Program Files\nodejs;C:\Program Files (x86)\BrowserStackLocal\;C:\Users\Olzhas\AppData\Roaming\Composer\vendor\bin;F:\UserOlzh\AppData\Roaming\npm
USERNAME=Olzhas
OS=Windows_NT
PROCESSOR_IDENTIFIER=Intel64 Family 6 Model 142 Stepping 11, GenuineIntel
TMP=C:\Users\Olzhas\AppData\Local\Temp
TEMP=C:\Users\Olzhas\AppData\Local\Temp



---------------  S Y S T E M  ---------------

OS:
 Windows 10 , 64 bit Build 19041 (10.0.19041.3393)
OS uptime: 1 days 9:04 hours
Hyper-V role detected

CPU: total 8 (initial active 8) (4 cores per cpu, 2 threads per core) family 6 model 142 stepping 11 microcode 0xea, cx8, cmov, fxsr, ht, mmx, 3dnowpref, sse, sse2, sse3, ssse3, sse4.1, sse4.2, popcnt, lzcnt, tsc, tscinvbit, avx, avx2, aes, erms, clmul, bmi1, bmi2, adx, fma, vzeroupper, clflush, clflushopt, hv, rdtscp

Memory: 4k page, system-wide physical 12168M (1699M free)
TotalPageFile size 18312M (AvailPageFile size 297M)
current process WorkingSet (physical memory assigned to process): 303M, peak: 303M
current process commit charge ("private bytes"): 466M, peak: 466M

vm_info: Java HotSpot(TM) 64-Bit Server VM (19.0.1+10-21) for windows-amd64 JRE (19.0.1+10-21), built on 2022-09-14T12:45:06Z by "mach5one" with MS VC++ 17.1 (VS2022)

END.
